> T Resultados Fase1
> T 16 procesos

  ===================================================================
    Thermal diffusion - parallel version 
    2000 x 1000 points, 4 chips
    T_ext = 20.0, Tmax_chip = 160.0, T_delta: 0.010, Max_iter: 10000
  ===================================================================

Iter (par): 4480	  Config:  1    Tmean: 52.82
Iter (par): 4080	  Config:  2    Tmean: 52.94
Iter (par): 5000	  Config:  3    Tmean: 53.91
Iter (par): 5040	  Config:  4    Tmean: 53.72
Iter (par): 4480	  Config:  5    Tmean: 53.81
Iter (par): 4590	  Config:  6    Tmean: 54.17
Iter (par): 3310	  Config:  7    Tmean: 51.22
Iter (par): 3100	  Config:  8    Tmean: 49.24
Iter (par): 3560	  Config:  9    Tmean: 51.69
Iter (par): 4480	  Config: 10    Tmean: 53.85
Iter (par): 4170	  Config: 11    Tmean: 53.18
Iter (par): 4740	  Config: 12    Tmean: 53.65
Iter (par): 3580	  Config: 13    Tmean: 50.51
Iter (par): 4290	  Config: 14    Tmean: 53.42
Iter (par): 4860	  Config: 15    Tmean: 54.46
Iter (par): 2550	  Config: 16    Tmean: 49.78
Iter (par): 3780	  Config: 17    Tmean: 52.44
Iter (par): 4370	  Config: 18    Tmean: 53.15
Iter (par): 3220	  Config: 19    Tmean: 51.06
Iter (par): 2860	  Config: 20    Tmean: 49.50


 >>> Best configuration:  8    Tmean: 49.24
   > Time (parallel): 259.345 s 



 >>> BEST CONFIGURATION:  8	 Tmean: 49.24


  ===================================================================
    Thermal diffusion - parallel version 
    2000 x 1000 points, 4 chips
    T_ext = 20.0, Tmax_chip = 160.0, T_delta: 0.010, Max_iter: 10000
  ===================================================================

Iter (par): 4480	  Config:  1    Tmean: 52.82
Iter (par): 4080	  Config:  2    Tmean: 52.94
Iter (par): 5000	  Config:  3    Tmean: 53.91
Iter (par): 5040	  Config:  4    Tmean: 53.72
Iter (par): 4480	  Config:  5    Tmean: 53.81
Iter (par): 4590	  Config:  6    Tmean: 54.17
Iter (par): 3310	  Config:  7    Tmean: 51.22
Iter (par): 3100	  Config:  8    Tmean: 49.24
Iter (par): 3560	  Config:  9    Tmean: 51.69
Iter (par): 4480	  Config: 10    Tmean: 53.85
Iter (par): 4170	  Config: 11    Tmean: 53.18
Iter (par): 4740	  Config: 12    Tmean: 53.65
Iter (par): 3580	  Config: 13    Tmean: 50.51
Iter (par): 4290	  Config: 14    Tmean: 53.42
Iter (par): 4860	  Config: 15    Tmean: 54.46
Iter (par): 2550	  Config: 16    Tmean: 49.78
Iter (par): 3780	  Config: 17    Tmean: 52.44
Iter (par): 4370	  Config: 18    Tmean: 53.15
Iter (par): 3220	  Config: 19    Tmean: 51.06
Iter (par): 2860	  Config: 20    Tmean: 49.50


 >>> Best configuration:  8    Tmean: 49.24
   > Time (parallel): 261.720 s 



 >>> BEST CONFIGURATION:  8	 Tmean: 49.24


  ===================================================================
    Thermal diffusion - parallel version 
    2000 x 1000 points, 4 chips
    T_ext = 20.0, Tmax_chip = 160.0, T_delta: 0.010, Max_iter: 10000
  ===================================================================

Iter (par): 4480	  Config:  1    Tmean: 52.82
Iter (par): 4080	  Config:  2    Tmean: 52.94
Iter (par): 5000	  Config:  3    Tmean: 53.91
Iter (par): 5040	  Config:  4    Tmean: 53.72
Iter (par): 4480	  Config:  5    Tmean: 53.81
Iter (par): 4590	  Config:  6    Tmean: 54.17
Iter (par): 3310	  Config:  7    Tmean: 51.22
Iter (par): 3100	  Config:  8    Tmean: 49.24
Iter (par): 3560	  Config:  9    Tmean: 51.69
Iter (par): 4480	  Config: 10    Tmean: 53.85
Iter (par): 4170	  Config: 11    Tmean: 53.18
Iter (par): 4740	  Config: 12    Tmean: 53.65
Iter (par): 3580	  Config: 13    Tmean: 50.51
Iter (par): 4290	  Config: 14    Tmean: 53.42
Iter (par): 4860	  Config: 15    Tmean: 54.46
Iter (par): 2550	  Config: 16    Tmean: 49.78
Iter (par): 3780	  Config: 17    Tmean: 52.44
Iter (par): 4370	  Config: 18    Tmean: 53.15
Iter (par): 3220	  Config: 19    Tmean: 51.06
Iter (par): 2860	  Config: 20    Tmean: 49.50


 >>> Best configuration:  8    Tmean: 49.24
   > Time (parallel): 281.986 s 



 >>> BEST CONFIGURATION:  8	 Tmean: 49.24

> T 32 procesos

  ===================================================================
    Thermal diffusion - parallel version 
    2000 x 1000 points, 4 chips
    T_ext = 20.0, Tmax_chip = 160.0, T_delta: 0.010, Max_iter: 10000
  ===================================================================

Iter (par): 4480	  Config:  1    Tmean: 52.82
Iter (par): 4080	  Config:  2    Tmean: 52.94
Iter (par): 5000	  Config:  3    Tmean: 53.91
Iter (par): 5040	  Config:  4    Tmean: 53.72
Iter (par): 4480	  Config:  5    Tmean: 53.81
Iter (par): 4590	  Config:  6    Tmean: 54.17
Iter (par): 3310	  Config:  7    Tmean: 51.22
Iter (par): 3100	  Config:  8    Tmean: 49.24
Iter (par): 3560	  Config:  9    Tmean: 51.69
Iter (par): 4480	  Config: 10    Tmean: 53.85
Iter (par): 4170	  Config: 11    Tmean: 53.18
Iter (par): 4740	  Config: 12    Tmean: 53.65
Iter (par): 3580	  Config: 13    Tmean: 50.51
Iter (par): 4290	  Config: 14    Tmean: 53.42
Iter (par): 4860	  Config: 15    Tmean: 54.46
Iter (par): 2550	  Config: 16    Tmean: 49.78
Iter (par): 3780	  Config: 17    Tmean: 52.44
Iter (par): 4370	  Config: 18    Tmean: 53.15
Iter (par): 3220	  Config: 19    Tmean: 51.06
Iter (par): 2860	  Config: 20    Tmean: 49.50


 >>> Best configuration:  8    Tmean: 49.24
   > Time (parallel): 285.008 s 



 >>> BEST CONFIGURATION:  8	 Tmean: 49.24


  ===================================================================
    Thermal diffusion - parallel version 
    2000 x 1000 points, 4 chips
    T_ext = 20.0, Tmax_chip = 160.0, T_delta: 0.010, Max_iter: 10000
  ===================================================================

Iter (par): 4480	  Config:  1    Tmean: 52.82
Iter (par): 4080	  Config:  2    Tmean: 52.94
Iter (par): 5000	  Config:  3    Tmean: 53.91
Iter (par): 5040	  Config:  4    Tmean: 53.72
Iter (par): 4480	  Config:  5    Tmean: 53.81
Iter (par): 4590	  Config:  6    Tmean: 54.17
Iter (par): 3310	  Config:  7    Tmean: 51.22
Iter (par): 3100	  Config:  8    Tmean: 49.24
Iter (par): 3560	  Config:  9    Tmean: 51.69
Iter (par): 4480	  Config: 10    Tmean: 53.85
Iter (par): 4170	  Config: 11    Tmean: 53.18
Iter (par): 4740	  Config: 12    Tmean: 53.65
Iter (par): 3580	  Config: 13    Tmean: 50.51
Iter (par): 4290	  Config: 14    Tmean: 53.42
Iter (par): 4860	  Config: 15    Tmean: 54.46
Iter (par): 2550	  Config: 16    Tmean: 49.78
Iter (par): 3780	  Config: 17    Tmean: 52.44
Iter (par): 4370	  Config: 18    Tmean: 53.15
Iter (par): 3220	  Config: 19    Tmean: 51.06
Iter (par): 2860	  Config: 20    Tmean: 49.50


 >>> Best configuration:  8    Tmean: 49.24
   > Time (parallel): 231.789 s 



 >>> BEST CONFIGURATION:  8	 Tmean: 49.24


  ===================================================================
    Thermal diffusion - parallel version 
    2000 x 1000 points, 4 chips
    T_ext = 20.0, Tmax_chip = 160.0, T_delta: 0.010, Max_iter: 10000
  ===================================================================

Iter (par): 4480	  Config:  1    Tmean: 52.82
Iter (par): 4080	  Config:  2    Tmean: 52.94
Iter (par): 5000	  Config:  3    Tmean: 53.91
Iter (par): 5040	  Config:  4    Tmean: 53.72
Iter (par): 4480	  Config:  5    Tmean: 53.81
Iter (par): 4590	  Config:  6    Tmean: 54.17
Iter (par): 3310	  Config:  7    Tmean: 51.22
Iter (par): 3100	  Config:  8    Tmean: 49.24
Iter (par): 3560	  Config:  9    Tmean: 51.69
Iter (par): 4480	  Config: 10    Tmean: 53.85
Iter (par): 4170	  Config: 11    Tmean: 53.18
Iter (par): 4740	  Config: 12    Tmean: 53.65
Iter (par): 3580	  Config: 13    Tmean: 50.51
Iter (par): 4290	  Config: 14    Tmean: 53.42
Iter (par): 4860	  Config: 15    Tmean: 54.46
Iter (par): 2550	  Config: 16    Tmean: 49.78
Iter (par): 3780	  Config: 17    Tmean: 52.44
Iter (par): 4370	  Config: 18    Tmean: 53.15
Iter (par): 3220	  Config: 19    Tmean: 51.06
Iter (par): 2860	  Config: 20    Tmean: 49.50


 >>> Best configuration:  8    Tmean: 49.24
   > Time (parallel): 246.103 s 



 >>> BEST CONFIGURATION:  8	 Tmean: 49.24

> T 64 procesos

  ===================================================================
    Thermal diffusion - parallel version 
    2000 x 1000 points, 4 chips
    T_ext = 20.0, Tmax_chip = 160.0, T_delta: 0.010, Max_iter: 10000
  ===================================================================

Iter (par): 4480	  Config:  1    Tmean: 52.82
Iter (par): 4080	  Config:  2    Tmean: 52.94
Iter (par): 5000	  Config:  3    Tmean: 53.91
Iter (par): 5040	  Config:  4    Tmean: 53.72
Iter (par): 4480	  Config:  5    Tmean: 53.81
Iter (par): 4590	  Config:  6    Tmean: 54.17
Iter (par): 3310	  Config:  7    Tmean: 51.22
Iter (par): 3100	  Config:  8    Tmean: 49.24
Iter (par): 3560	  Config:  9    Tmean: 51.69
Iter (par): 4480	  Config: 10    Tmean: 53.85
Iter (par): 4170	  Config: 11    Tmean: 53.18
Iter (par): 4740	  Config: 12    Tmean: 53.65
Iter (par): 3580	  Config: 13    Tmean: 50.51
Iter (par): 4290	  Config: 14    Tmean: 53.42
Iter (par): 4860	  Config: 15    Tmean: 54.46
Iter (par): 2550	  Config: 16    Tmean: 49.78
Iter (par): 3780	  Config: 17    Tmean: 52.44
Iter (par): 4370	  Config: 18    Tmean: 53.15
Iter (par): 3220	  Config: 19    Tmean: 51.06
Iter (par): 2860	  Config: 20    Tmean: 49.50


 >>> Best configuration:  8    Tmean: 49.24
   > Time (parallel): 450.122 s 



 >>> BEST CONFIGURATION:  8	 Tmean: 49.24


  ===================================================================
    Thermal diffusion - parallel version 
    2000 x 1000 points, 4 chips
    T_ext = 20.0, Tmax_chip = 160.0, T_delta: 0.010, Max_iter: 10000
  ===================================================================

Iter (par): 4480	  Config:  1    Tmean: 52.82
Iter (par): 4080	  Config:  2    Tmean: 52.94
Iter (par): 5000	  Config:  3    Tmean: 53.91
Iter (par): 5040	  Config:  4    Tmean: 53.72
Iter (par): 4480	  Config:  5    Tmean: 53.81
Iter (par): 4590	  Config:  6    Tmean: 54.17
Iter (par): 3310	  Config:  7    Tmean: 51.22
Iter (par): 3100	  Config:  8    Tmean: 49.24
Iter (par): 3560	  Config:  9    Tmean: 51.69
Iter (par): 4480	  Config: 10    Tmean: 53.85
Iter (par): 4170	  Config: 11    Tmean: 53.18
Iter (par): 4740	  Config: 12    Tmean: 53.65
Iter (par): 3580	  Config: 13    Tmean: 50.51
Iter (par): 4290	  Config: 14    Tmean: 53.42
Iter (par): 4860	  Config: 15    Tmean: 54.46
Iter (par): 2550	  Config: 16    Tmean: 49.78
Iter (par): 3780	  Config: 17    Tmean: 52.44
Iter (par): 4370	  Config: 18    Tmean: 53.15
Iter (par): 3220	  Config: 19    Tmean: 51.06
Iter (par): 2860	  Config: 20    Tmean: 49.50


 >>> Best configuration:  8    Tmean: 49.24
   > Time (parallel): 432.516 s 



 >>> BEST CONFIGURATION:  8	 Tmean: 49.24


  ===================================================================
    Thermal diffusion - parallel version 
    2000 x 1000 points, 4 chips
    T_ext = 20.0, Tmax_chip = 160.0, T_delta: 0.010, Max_iter: 10000
  ===================================================================

Iter (par): 4480	  Config:  1    Tmean: 52.82
Iter (par): 4080	  Config:  2    Tmean: 52.94
Iter (par): 5000	  Config:  3    Tmean: 53.91
Iter (par): 5040	  Config:  4    Tmean: 53.72
Iter (par): 4480	  Config:  5    Tmean: 53.81
Iter (par): 4590	  Config:  6    Tmean: 54.17
Iter (par): 3310	  Config:  7    Tmean: 51.22
Iter (par): 3100	  Config:  8    Tmean: 49.24
Iter (par): 3560	  Config:  9    Tmean: 51.69
Iter (par): 4480	  Config: 10    Tmean: 53.85
Iter (par): 4170	  Config: 11    Tmean: 53.18
Iter (par): 4740	  Config: 12    Tmean: 53.65
Iter (par): 3580	  Config: 13    Tmean: 50.51
Iter (par): 4290	  Config: 14    Tmean: 53.42
Iter (par): 4860	  Config: 15    Tmean: 54.46
Iter (par): 2550	  Config: 16    Tmean: 49.78
Iter (par): 3780	  Config: 17    Tmean: 52.44
Iter (par): 4370	  Config: 18    Tmean: 53.15
Iter (par): 3220	  Config: 19    Tmean: 51.06
Iter (par): 2860	  Config: 20    Tmean: 49.50


 >>> Best configuration:  8    Tmean: 49.24
   > Time (parallel): 370.648 s 



 >>> BEST CONFIGURATION:  8	 Tmean: 49.24

 > T 80

  ===================================================================
    Thermal diffusion - parallel version
    2000 x 1000 points, 4 chips
    T_ext = 20.0, Tmax_chip = 160.0, T_delta: 0.010, Max_iter: 10000
  ===================================================================

Iter (par): 4480	  Config:  1    Tmean: 52.82
Iter (par): 4080	  Config:  2    Tmean: 52.94
Iter (par): 5000	  Config:  3    Tmean: 53.91
Iter (par): 5040	  Config:  4    Tmean: 53.72
Iter (par): 4480	  Config:  5    Tmean: 53.81
Iter (par): 4590	  Config:  6    Tmean: 54.17
Iter (par): 3310	  Config:  7    Tmean: 51.22
Iter (par): 3100	  Config:  8    Tmean: 49.24
Iter (par): 3560	  Config:  9    Tmean: 51.69
Iter (par): 4480	  Config: 10    Tmean: 53.85
Iter (par): 4170	  Config: 11    Tmean: 53.18
Iter (par): 4740	  Config: 12    Tmean: 53.65
Iter (par): 3580	  Config: 13    Tmean: 50.51
Iter (par): 4290	  Config: 14    Tmean: 53.42
Error del dif-cluster
  ===================================================================
    Thermal diffusion - parallel version
    2000 x 1000 points, 4 chips
    T_ext = 20.0, Tmax_chip = 160.0, T_delta: 0.010, Max_iter: 10000
  ===================================================================

Iter (par): 4480	  Config:  1    Tmean: 52.82
Iter (par): 4080	  Config:  2    Tmean: 52.94
Iter (par): 5000	  Config:  3    Tmean: 53.91
Iter (par): 5040	  Config:  4    Tmean: 53.72
Iter (par): 4480	  Config:  5    Tmean: 53.81
Iter (par): 4590	  Config:  6    Tmean: 54.17
Iter (par): 3310	  Config:  7    Tmean: 51.22
Iter (par): 3100	  Config:  8    Tmean: 49.24
Iter (par): 3560	  Config:  9    Tmean: 51.69
Iter (par): 4480	  Config: 10    Tmean: 53.85
Iter (par): 4170	  Config: 11    Tmean: 53.18
Iter (par): 4740	  Config: 12    Tmean: 53.65
Iter (par): 3580	  Config: 13    Tmean: 50.51
Iter (par): 4290	  Config: 14    Tmean: 53.42
Iter (par): 4860	  Config: 15    Tmean: 54.46
Iter (par): 2550	  Config: 16    Tmean: 49.78
Iter (par): 3780	  Config: 17    Tmean: 52.44
Iter (par): 4370	  Config: 18    Tmean: 53.15
Iter (par): 3220	  Config: 19    Tmean: 51.06
Iter (par): 2860	  Config: 20    Tmean: 49.50


 >>> Best configuration:  8    Tmean: 49.24
   > Time (parallel): 454.498 s



 >>> BEST CONFIGURATION:  8	 Tmean: 49.24


  ===================================================================
    Thermal diffusion - parallel version
    2000 x 1000 points, 4 chips
    T_ext = 20.0, Tmax_chip = 160.0, T_delta: 0.010, Max_iter: 10000
  ===================================================================

Iter (par): 4480	  Config:  1    Tmean: 52.82
Iter (par): 4080	  Config:  2    Tmean: 52.94
Iter (par): 5000	  Config:  3    Tmean: 53.91
Iter (par): 5040	  Config:  4    Tmean: 53.72
Iter (par): 4480	  Config:  5    Tmean: 53.81
Iter (par): 4590	  Config:  6    Tmean: 54.17
Iter (par): 3310	  Config:  7    Tmean: 51.22
Iter (par): 3100	  Config:  8    Tmean: 49.24
Iter (par): 3560	  Config:  9    Tmean: 51.69
Iter (par): 4480	  Config: 10    Tmean: 53.85
Iter (par): 4170	  Config: 11    Tmean: 53.18
Iter (par): 4740	  Config: 12    Tmean: 53.65
Iter (par): 3580	  Config: 13    Tmean: 50.51
Iter (par): 4290	  Config: 14    Tmean: 53.42
Iter (par): 4860	  Config: 15    Tmean: 54.46
Iter (par): 2550	  Config: 16    Tmean: 49.78
Iter (par): 3780	  Config: 17    Tmean: 52.44
Iter (par): 4370	  Config: 18    Tmean: 53.15
Iter (par): 3220	  Config: 19    Tmean: 51.06
Iter (par): 2860	  Config: 20    Tmean: 49.50


 >>> Best configuration:  8    Tmean: 49.24
   > Time (parallel): 419.774 s



 >>> BEST CONFIGURATION:  8	 Tmean: 49.24

> T 120

  ===================================================================
    Thermal diffusion - parallel version
    2000 x 1000 points, 4 chips
    T_ext = 20.0, Tmax_chip = 160.0, T_delta: 0.010, Max_iter: 10000
  ===================================================================

Iter (par): 4480	  Config:  1    Tmean: 52.82
Iter (par): 4080	  Config:  2    Tmean: 52.94
Iter (par): 5000	  Config:  3    Tmean: 53.91
Iter (par): 5040	  Config:  4    Tmean: 53.72
Iter (par): 4480	  Config:  5    Tmean: 53.81
Iter (par): 4590	  Config:  6    Tmean: 54.17
Iter (par): 3310	  Config:  7    Tmean: 51.22
Iter (par): 3100	  Config:  8    Tmean: 49.24
Iter (par): 3560	  Config:  9    Tmean: 51.69
Iter (par): 4480	  Config: 10    Tmean: 53.85
Iter (par): 4170	  Config: 11    Tmean: 53.18
Iter (par): 4740	  Config: 12    Tmean: 53.65
Iter (par): 3580	  Config: 13    Tmean: 50.51
Iter (par): 4290	  Config: 14    Tmean: 53.42
Iter (par): 4860	  Config: 15    Tmean: 54.46
Iter (par): 2550	  Config: 16    Tmean: 49.78
Iter (par): 3780	  Config: 17    Tmean: 52.44
Iter (par): 4370	  Config: 18    Tmean: 53.15
Iter (par): 3220	  Config: 19    Tmean: 51.06
Iter (par): 2860	  Config: 20    Tmean: 49.50


 >>> Best configuration:  8    Tmean: 49.24
   > Time (parallel): 1018.614 s



 >>> BEST CONFIGURATION:  8	 Tmean: 49.24


  ===================================================================
    Thermal diffusion - parallel version
    2000 x 1000 points, 4 chips
    T_ext = 20.0, Tmax_chip = 160.0, T_delta: 0.010, Max_iter: 10000
  ===================================================================

Iter (par): 4480	  Config:  1    Tmean: 52.82
Iter (par): 4080	  Config:  2    Tmean: 52.94
Iter (par): 5000	  Config:  3    Tmean: 53.91
Iter (par): 5040	  Config:  4    Tmean: 53.72
Iter (par): 4480	  Config:  5    Tmean: 53.81
Iter (par): 4590	  Config:  6    Tmean: 54.17
Iter (par): 3310	  Config:  7    Tmean: 51.22
Iter (par): 3100	  Config:  8    Tmean: 49.24
Iter (par): 3560	  Config:  9    Tmean: 51.69
Iter (par): 4480	  Config: 10    Tmean: 53.85
Iter (par): 4170	  Config: 11    Tmean: 53.18
Iter (par): 4740	  Config: 12    Tmean: 53.65
Iter (par): 3580	  Config: 13    Tmean: 50.51
Iter (par): 4290	  Config: 14    Tmean: 53.42
Iter (par): 4860	  Config: 15    Tmean: 54.46
Iter (par): 2550	  Config: 16    Tmean: 49.78
Iter (par): 3780	  Config: 17    Tmean: 52.44
Iter (par): 4370	  Config: 18    Tmean: 53.15
Iter (par): 3220	  Config: 19    Tmean: 51.06
Iter (par): 2860	  Config: 20    Tmean: 49.50


 >>> Best configuration:  8    Tmean: 49.24
   > Time (parallel): 1018.371 s



 >>> BEST CONFIGURATION:  8	 Tmean: 49.24


  ===================================================================
    Thermal diffusion - parallel version
    2000 x 1000 points, 4 chips
    T_ext = 20.0, Tmax_chip = 160.0, T_delta: 0.010, Max_iter: 10000
  ===================================================================

Iter (par): 4480	  Config:  1    Tmean: 52.82
Iter (par): 4080	  Config:  2    Tmean: 52.94
Iter (par): 5000	  Config:  3    Tmean: 53.91
Iter (par): 5040	  Config:  4    Tmean: 53.72
Iter (par): 4480	  Config:  5    Tmean: 53.81
Iter (par): 4590	  Config:  6    Tmean: 54.17
Iter (par): 3310	  Config:  7    Tmean: 51.22
Iter (par): 3100	  Config:  8    Tmean: 49.24
Iter (par): 3560	  Config:  9    Tmean: 51.69
Iter (par): 4480	  Config: 10    Tmean: 53.85
Iter (par): 4170	  Config: 11    Tmean: 53.18
Iter (par): 4740	  Config: 12    Tmean: 53.65
Iter (par): 3580	  Config: 13    Tmean: 50.51
Iter (par): 4290	  Config: 14    Tmean: 53.42
Iter (par): 4860	  Config: 15    Tmean: 54.46
Iter (par): 2550	  Config: 16    Tmean: 49.78
Iter (par): 3780	  Config: 17    Tmean: 52.44
Iter (par): 4370	  Config: 18    Tmean: 53.15
Iter (par): 3220	  Config: 19    Tmean: 51.06
Iter (par): 2860	  Config: 20    Tmean: 49.50


 >>> Best configuration:  8    Tmean: 49.24
   > Time (parallel): 1052.561 s



 >>> BEST CONFIGURATION:  8	 Tmean: 49.24
