> T Resultados Fase2 Jon
> T 17 procesos grupos de 4

  ===================================================================
    Thermal diffusion - parallel version 
    2000 x 1000 points, 4 chips
    T_ext = 20.0, Tmax_chip = 160.0, T_delta: 0.010, Max_iter: 10000
    4 groups 
  ===================================================================

Iter (par): 4480	  Config:  1    Tmean: 52.82
Iter (par): 4080	  Config:  2    Tmean: 52.94
Iter (par): 5040	  Config:  4    Tmean: 53.72
Iter (par): 5000	  Config:  3    Tmean: 53.91
Iter (par): 3310	  Config:  7    Tmean: 51.22
Iter (par): 4480	  Config:  5    Tmean: 53.81
Iter (par): 4590	  Config:  6    Tmean: 54.17
Iter (par): 3100	  Config:  8    Tmean: 49.24
Iter (par): 3560	  Config:  9    Tmean: 51.69
Iter (par): 4480	  Config: 10    Tmean: 53.85
Iter (par): 4170	  Config: 11    Tmean: 53.18
Iter (par): 3580	  Config: 13    Tmean: 50.51
Iter (par): 4740	  Config: 12    Tmean: 53.65
Iter (par): 4290	  Config: 14    Tmean: 53.42
Iter (par): 2550	  Config: 16    Tmean: 49.78
Iter (par): 4860	  Config: 15    Tmean: 54.46
Iter (par): 3780	  Config: 17    Tmean: 52.44
Iter (par): 3220	  Config: 19    Tmean: 51.06
Iter (par): 2860	  Config: 20    Tmean: 49.50
Iter (par): 4370	  Config: 18    Tmean: 53.15


 >>> Best configuration:  8    Tmean: 49.24
   > Time (parallel): 207.601 s 



 >>> BEST CONFIGURATION:  8	 Tmean: 49.24


  ===================================================================
    Thermal diffusion - parallel version 
    2000 x 1000 points, 4 chips
    T_ext = 20.0, Tmax_chip = 160.0, T_delta: 0.010, Max_iter: 10000
    4 groups 
  ===================================================================

Iter (par): 4080	  Config:  2    Tmean: 52.94
Iter (par): 4480	  Config:  1    Tmean: 52.82
Iter (par): 5040	  Config:  4    Tmean: 53.72
Iter (par): 5000	  Config:  3    Tmean: 53.91
Iter (par): 3100	  Config:  8    Tmean: 49.24
Iter (par): 3310	  Config:  7    Tmean: 51.22
Iter (par): 4480	  Config:  5    Tmean: 53.81
Iter (par): 4590	  Config:  6    Tmean: 54.17
Iter (par): 3560	  Config:  9    Tmean: 51.69
Iter (par): 4170	  Config: 11    Tmean: 53.18
Iter (par): 4480	  Config: 10    Tmean: 53.85
Iter (par): 4740	  Config: 12    Tmean: 53.65
Iter (par): 3580	  Config: 13    Tmean: 50.51
Iter (par): 2550	  Config: 16    Tmean: 49.78
Iter (par): 4290	  Config: 14    Tmean: 53.42
Iter (par): 4860	  Config: 15    Tmean: 54.46
Iter (par): 3780	  Config: 17    Tmean: 52.44
Iter (par): 2860	  Config: 20    Tmean: 49.50
Iter (par): 4370	  Config: 18    Tmean: 53.15
Iter (par): 3220	  Config: 19    Tmean: 51.06


 >>> Best configuration:  8    Tmean: 49.24
   > Time (parallel): 213.161 s 



 >>> BEST CONFIGURATION:  8	 Tmean: 49.24


  ===================================================================
    Thermal diffusion - parallel version 
    2000 x 1000 points, 4 chips
    T_ext = 20.0, Tmax_chip = 160.0, T_delta: 0.010, Max_iter: 10000
    4 groups 
  ===================================================================

Iter (par): 4080	  Config:  2    Tmean: 52.94
Iter (par): 4480	  Config:  1    Tmean: 52.82
Iter (par): 5000	  Config:  3    Tmean: 53.91
Iter (par): 5040	  Config:  4    Tmean: 53.72
Iter (par): 3100	  Config:  8    Tmean: 49.24
Iter (par): 3310	  Config:  7    Tmean: 51.22
Iter (par): 4480	  Config:  5    Tmean: 53.81
Iter (par): 4590	  Config:  6    Tmean: 54.17
Iter (par): 3560	  Config:  9    Tmean: 51.69
Iter (par): 4480	  Config: 10    Tmean: 53.85
Iter (par): 4170	  Config: 11    Tmean: 53.18
Iter (par): 4740	  Config: 12    Tmean: 53.65
Iter (par): 3580	  Config: 13    Tmean: 50.51
Iter (par): 2550	  Config: 16    Tmean: 49.78
Iter (par): 4290	  Config: 14    Tmean: 53.42
Iter (par): 4860	  Config: 15    Tmean: 54.46
Iter (par): 3780	  Config: 17    Tmean: 52.44
Iter (par): 3220	  Config: 19    Tmean: 51.06
Iter (par): 4370	  Config: 18    Tmean: 53.15
Iter (par): 2860	  Config: 20    Tmean: 49.50


 >>> Best configuration:  8    Tmean: 49.24
   > Time (parallel): 228.109 s 



 >>> BEST CONFIGURATION:  8	 Tmean: 49.24

> T 17 procesos grupos de 8

  ===================================================================
    Thermal diffusion - parallel version 
    2000 x 1000 points, 4 chips
    T_ext = 20.0, Tmax_chip = 160.0, T_delta: 0.010, Max_iter: 10000
    2 groups 
  ===================================================================

Iter (par): 4080	  Config:  2    Tmean: 52.94
Iter (par): 4480	  Config:  1    Tmean: 52.82
Iter (par): 5000	  Config:  3    Tmean: 53.91
Iter (par): 5040	  Config:  4    Tmean: 53.72
Iter (par): 4590	  Config:  6    Tmean: 54.17
Iter (par): 4480	  Config:  5    Tmean: 53.81
Iter (par): 3310	  Config:  7    Tmean: 51.22
Iter (par): 3100	  Config:  8    Tmean: 49.24
Iter (par): 3560	  Config:  9    Tmean: 51.69
Iter (par): 4170	  Config: 11    Tmean: 53.18
Iter (par): 4480	  Config: 10    Tmean: 53.85
Iter (par): 4740	  Config: 12    Tmean: 53.65
Iter (par): 3580	  Config: 13    Tmean: 50.51
Iter (par): 4290	  Config: 14    Tmean: 53.42
Iter (par): 2550	  Config: 16    Tmean: 49.78
Iter (par): 3780	  Config: 17    Tmean: 52.44
Iter (par): 4860	  Config: 15    Tmean: 54.46
Iter (par): 4370	  Config: 18    Tmean: 53.15
Iter (par): 3220	  Config: 19    Tmean: 51.06
Iter (par): 2860	  Config: 20    Tmean: 49.50


 >>> Best configuration:  8    Tmean: 49.24
   > Time (parallel): 238.704 s 



 >>> BEST CONFIGURATION:  8	 Tmean: 49.24


  ===================================================================
    Thermal diffusion - parallel version 
    2000 x 1000 points, 4 chips
    T_ext = 20.0, Tmax_chip = 160.0, T_delta: 0.010, Max_iter: 10000
    2 groups 
  ===================================================================

Iter (par): 4080	  Config:  2    Tmean: 52.94
Iter (par): 4480	  Config:  1    Tmean: 52.82
Iter (par): 5000	  Config:  3    Tmean: 53.91
Iter (par): 4480	  Config:  5    Tmean: 53.81
Iter (par): 5040	  Config:  4    Tmean: 53.72
Iter (par): 3310	  Config:  7    Tmean: 51.22
Iter (par): 4590	  Config:  6    Tmean: 54.17
Iter (par): 3100	  Config:  8    Tmean: 49.24
Iter (par): 3560	  Config:  9    Tmean: 51.69
Iter (par): 4480	  Config: 10    Tmean: 53.85
Iter (par): 4170	  Config: 11    Tmean: 53.18
Iter (par): 4740	  Config: 12    Tmean: 53.65
Iter (par): 3580	  Config: 13    Tmean: 50.51
Iter (par): 4290	  Config: 14    Tmean: 53.42
Iter (par): 4860	  Config: 15    Tmean: 54.46
Iter (par): 2550	  Config: 16    Tmean: 49.78
Iter (par): 3780	  Config: 17    Tmean: 52.44
Iter (par): 4370	  Config: 18    Tmean: 53.15
Iter (par): 3220	  Config: 19    Tmean: 51.06
Iter (par): 2860	  Config: 20    Tmean: 49.50


 >>> Best configuration:  8    Tmean: 49.24
   > Time (parallel): 221.290 s 



 >>> BEST CONFIGURATION:  8	 Tmean: 49.24


  ===================================================================
    Thermal diffusion - parallel version 
    2000 x 1000 points, 4 chips
    T_ext = 20.0, Tmax_chip = 160.0, T_delta: 0.010, Max_iter: 10000
    2 groups 
  ===================================================================

Iter (par): 4480	  Config:  1    Tmean: 52.82
Iter (par): 4080	  Config:  2    Tmean: 52.94
Iter (par): 5000	  Config:  3    Tmean: 53.91
Iter (par): 5040	  Config:  4    Tmean: 53.72
Iter (par): 4480	  Config:  5    Tmean: 53.81
Iter (par): 4590	  Config:  6    Tmean: 54.17
Iter (par): 3310	  Config:  7    Tmean: 51.22
Iter (par): 3100	  Config:  8    Tmean: 49.24
Iter (par): 3560	  Config:  9    Tmean: 51.69
Iter (par): 4480	  Config: 10    Tmean: 53.85
Iter (par): 4170	  Config: 11    Tmean: 53.18
Iter (par): 3580	  Config: 13    Tmean: 50.51
Iter (par): 4740	  Config: 12    Tmean: 53.65
Iter (par): 4290	  Config: 14    Tmean: 53.42
Iter (par): 4860	  Config: 15    Tmean: 54.46
Iter (par): 2550	  Config: 16    Tmean: 49.78
Iter (par): 4370	  Config: 18    Tmean: 53.15
Iter (par): 3780	  Config: 17    Tmean: 52.44
Iter (par): 3220	  Config: 19    Tmean: 51.06
Iter (par): 2860	  Config: 20    Tmean: 49.50


 >>> Best configuration:  8    Tmean: 49.24
   > Time (parallel): 217.198 s 



 >>> BEST CONFIGURATION:  8	 Tmean: 49.24

> T 65 procesos grupos de 4

  ===================================================================
    Thermal diffusion - parallel version 
    2000 x 1000 points, 4 chips
    T_ext = 20.0, Tmax_chip = 160.0, T_delta: 0.010, Max_iter: 10000
    16 groups 
  ===================================================================

Iter (par): 2550	  Config: 16    Tmean: 49.78
Iter (par): 3100	  Config:  8    Tmean: 49.24
Iter (par): 3310	  Config:  7    Tmean: 51.22
Iter (par): 3580	  Config: 13    Tmean: 50.51
Iter (par): 4290	  Config: 14    Tmean: 53.42
Iter (par): 4480	  Config: 10    Tmean: 53.85
Iter (par): 4860	  Config: 15    Tmean: 54.46
Iter (par): 3560	  Config:  9    Tmean: 51.69
Iter (par): 4740	  Config: 12    Tmean: 53.65
Iter (par): 4480	  Config:  1    Tmean: 52.82
Iter (par): 4170	  Config: 11    Tmean: 53.18
Iter (par): 4080	  Config:  2    Tmean: 52.94
Iter (par): 5040	  Config:  4    Tmean: 53.72
Iter (par): 4480	  Config:  5    Tmean: 53.81
Iter (par): 4590	  Config:  6    Tmean: 54.17
Iter (par): 5000	  Config:  3    Tmean: 53.91
Iter (par): 3780	  Config: 17    Tmean: 52.44
Iter (par): 2860	  Config: 20    Tmean: 49.50
Iter (par): 3220	  Config: 19    Tmean: 51.06
Iter (par): 4370	  Config: 18    Tmean: 53.15


 >>> Best configuration:  8    Tmean: 49.24
   > Time (parallel): 91.883 s 



 >>> BEST CONFIGURATION:  8	 Tmean: 49.24


  ===================================================================
    Thermal diffusion - parallel version 
    2000 x 1000 points, 4 chips
    T_ext = 20.0, Tmax_chip = 160.0, T_delta: 0.010, Max_iter: 10000
    16 groups 
  ===================================================================

Iter (par): 2550	  Config: 16    Tmean: 49.78
Iter (par): 3100	  Config:  8    Tmean: 49.24
Iter (par): 3310	  Config:  7    Tmean: 51.22
Iter (par): 3560	  Config:  9    Tmean: 51.69
Iter (par): 4170	  Config: 11    Tmean: 53.18
Iter (par): 3580	  Config: 13    Tmean: 50.51
Iter (par): 4290	  Config: 14    Tmean: 53.42
Iter (par): 4480	  Config:  1    Tmean: 52.82
Iter (par): 4480	  Config: 10    Tmean: 53.85
Iter (par): 4860	  Config: 15    Tmean: 54.46
Iter (par): 4080	  Config:  2    Tmean: 52.94
Iter (par): 5000	  Config:  3    Tmean: 53.91
Iter (par): 4740	  Config: 12    Tmean: 53.65
Iter (par): 4480	  Config:  5    Tmean: 53.81
Iter (par): 4590	  Config:  6    Tmean: 54.17
Iter (par): 5040	  Config:  4    Tmean: 53.72
Iter (par): 3220	  Config: 19    Tmean: 51.06
Iter (par): 2860	  Config: 20    Tmean: 49.50
Iter (par): 3780	  Config: 17    Tmean: 52.44
Iter (par): 4370	  Config: 18    Tmean: 53.15


 >>> Best configuration:  8    Tmean: 49.24
   > Time (parallel): 84.298 s 



 >>> BEST CONFIGURATION:  8	 Tmean: 49.24


  ===================================================================
    Thermal diffusion - parallel version 
    2000 x 1000 points, 4 chips
    T_ext = 20.0, Tmax_chip = 160.0, T_delta: 0.010, Max_iter: 10000
    16 groups 
  ===================================================================

Iter (par): 2550	  Config: 16    Tmean: 49.78
Iter (par): 3100	  Config:  8    Tmean: 49.24
Iter (par): 3310	  Config:  7    Tmean: 51.22
Iter (par): 3560	  Config:  9    Tmean: 51.69
Iter (par): 3580	  Config: 13    Tmean: 50.51
Iter (par): 4740	  Config: 12    Tmean: 53.65
Iter (par): 4590	  Config:  6    Tmean: 54.17
Iter (par): 4290	  Config: 14    Tmean: 53.42
Iter (par): 4080	  Config:  2    Tmean: 52.94
Iter (par): 5000	  Config:  3    Tmean: 53.91
Iter (par): 4480	  Config: 10    Tmean: 53.85
Iter (par): 4170	  Config: 11    Tmean: 53.18
Iter (par): 2860	  Config: 20    Tmean: 49.50
Iter (par): 4480	  Config:  1    Tmean: 52.82
Iter (par): 4860	  Config: 15    Tmean: 54.46
Iter (par): 4480	  Config:  5    Tmean: 53.81
Iter (par): 3780	  Config: 17    Tmean: 52.44
Iter (par): 3220	  Config: 19    Tmean: 51.06
Iter (par): 5040	  Config:  4    Tmean: 53.72
Iter (par): 4370	  Config: 18    Tmean: 53.15


 >>> Best configuration:  8    Tmean: 49.24
   > Time (parallel): 86.050 s 



 >>> BEST CONFIGURATION:  8	 Tmean: 49.24

> T 65 procesos grupos de 8

  ===================================================================
    Thermal diffusion - parallel version 
    2000 x 1000 points, 4 chips
    T_ext = 20.0, Tmax_chip = 160.0, T_delta: 0.010, Max_iter: 10000
    8 groups 
  ===================================================================

Iter (par): 3100	  Config:  8    Tmean: 49.24
Iter (par): 3310	  Config:  7    Tmean: 51.22
Iter (par): 4480	  Config:  5    Tmean: 53.81
Iter (par): 4480	  Config:  1    Tmean: 52.82
Iter (par): 4590	  Config:  6    Tmean: 54.17
Iter (par): 5040	  Config:  4    Tmean: 53.72
Iter (par): 5000	  Config:  3    Tmean: 53.91
Iter (par): 4080	  Config:  2    Tmean: 52.94
Iter (par): 3560	  Config:  9    Tmean: 51.69
Iter (par): 4480	  Config: 10    Tmean: 53.85
Iter (par): 2550	  Config: 16    Tmean: 49.78
Iter (par): 4170	  Config: 11    Tmean: 53.18
Iter (par): 3580	  Config: 13    Tmean: 50.51
Iter (par): 4740	  Config: 12    Tmean: 53.65
Iter (par): 4290	  Config: 14    Tmean: 53.42
Iter (par): 2860	  Config: 20    Tmean: 49.50
Iter (par): 3220	  Config: 19    Tmean: 51.06
Iter (par): 3780	  Config: 17    Tmean: 52.44
Iter (par): 4370	  Config: 18    Tmean: 53.15
Iter (par): 4860	  Config: 15    Tmean: 54.46


 >>> Best configuration:  8    Tmean: 49.24
   > Time (parallel): 72.680 s 



 >>> BEST CONFIGURATION:  8	 Tmean: 49.24


  ===================================================================
    Thermal diffusion - parallel version 
    2000 x 1000 points, 4 chips
    T_ext = 20.0, Tmax_chip = 160.0, T_delta: 0.010, Max_iter: 10000
    8 groups 
  ===================================================================

Iter (par): 3310	  Config:  7    Tmean: 51.22
Iter (par): 3100	  Config:  8    Tmean: 49.24
Iter (par): 4590	  Config:  6    Tmean: 54.17
Iter (par): 4480	  Config:  1    Tmean: 52.82
Iter (par): 4080	  Config:  2    Tmean: 52.94
Iter (par): 5000	  Config:  3    Tmean: 53.91
Iter (par): 4480	  Config:  5    Tmean: 53.81
Iter (par): 5040	  Config:  4    Tmean: 53.72
Iter (par): 3560	  Config:  9    Tmean: 51.69
Iter (par): 3580	  Config: 13    Tmean: 50.51
Iter (par): 4480	  Config: 10    Tmean: 53.85
Iter (par): 4740	  Config: 12    Tmean: 53.65
Iter (par): 4290	  Config: 14    Tmean: 53.42
Iter (par): 2550	  Config: 16    Tmean: 49.78
Iter (par): 4170	  Config: 11    Tmean: 53.18
Iter (par): 4860	  Config: 15    Tmean: 54.46
Iter (par): 3780	  Config: 17    Tmean: 52.44
Iter (par): 2860	  Config: 20    Tmean: 49.50
Iter (par): 3220	  Config: 19    Tmean: 51.06
Iter (par): 4370	  Config: 18    Tmean: 53.15


 >>> Best configuration:  8    Tmean: 49.24
   > Time (parallel): 72.050 s 



 >>> BEST CONFIGURATION:  8	 Tmean: 49.24


  ===================================================================
    Thermal diffusion - parallel version 
    2000 x 1000 points, 4 chips
    T_ext = 20.0, Tmax_chip = 160.0, T_delta: 0.010, Max_iter: 10000
    8 groups 
  ===================================================================

Iter (par): 3100	  Config:  8    Tmean: 49.24
Iter (par): 3310	  Config:  7    Tmean: 51.22
Iter (par): 4590	  Config:  6    Tmean: 54.17
Iter (par): 4480	  Config:  1    Tmean: 52.82
Iter (par): 5000	  Config:  3    Tmean: 53.91
Iter (par): 4480	  Config:  5    Tmean: 53.81
Iter (par): 4080	  Config:  2    Tmean: 52.94
Iter (par): 3560	  Config:  9    Tmean: 51.69
Iter (par): 4170	  Config: 11    Tmean: 53.18
Iter (par): 4480	  Config: 10    Tmean: 53.85
Iter (par): 5040	  Config:  4    Tmean: 53.72
Iter (par): 4740	  Config: 12    Tmean: 53.65
Iter (par): 2550	  Config: 16    Tmean: 49.78
Iter (par): 4290	  Config: 14    Tmean: 53.42
Iter (par): 4860	  Config: 15    Tmean: 54.46
Iter (par): 3580	  Config: 13    Tmean: 50.51
Iter (par): 3220	  Config: 19    Tmean: 51.06
Iter (par): 3780	  Config: 17    Tmean: 52.44
Iter (par): 2860	  Config: 20    Tmean: 49.50
Iter (par): 4370	  Config: 18    Tmean: 53.15


 >>> Best configuration:  8    Tmean: 49.24
   > Time (parallel): 76.999 s 



 >>> BEST CONFIGURATION:  8	 Tmean: 49.24

> T 65 procesos grupos de 16

  ===================================================================
    Thermal diffusion - parallel version 
    2000 x 1000 points, 4 chips
    T_ext = 20.0, Tmax_chip = 160.0, T_delta: 0.010, Max_iter: 10000
    4 groups 
  ===================================================================

Iter (par): 4080	  Config:  2    Tmean: 52.94
Iter (par): 4480	  Config:  1    Tmean: 52.82
Iter (par): 5000	  Config:  3    Tmean: 53.91
Iter (par): 4480	  Config:  5    Tmean: 53.81
Iter (par): 3310	  Config:  7    Tmean: 51.22
Iter (par): 4590	  Config:  6    Tmean: 54.17
Iter (par): 3100	  Config:  8    Tmean: 49.24
Iter (par): 5040	  Config:  4    Tmean: 53.72
Iter (par): 3560	  Config:  9    Tmean: 51.69
Iter (par): 4170	  Config: 11    Tmean: 53.18
Iter (par): 3580	  Config: 13    Tmean: 50.51
Iter (par): 4290	  Config: 14    Tmean: 53.42
Iter (par): 4740	  Config: 12    Tmean: 53.65
Iter (par): 4480	  Config: 10    Tmean: 53.85
Iter (par): 3780	  Config: 17    Tmean: 52.44
Iter (par): 2550	  Config: 16    Tmean: 49.78
Iter (par): 4370	  Config: 18    Tmean: 53.15
Iter (par): 4860	  Config: 15    Tmean: 54.46
Iter (par): 3220	  Config: 19    Tmean: 51.06
Iter (par): 2860	  Config: 20    Tmean: 49.50


 >>> Best configuration:  8    Tmean: 49.24
   > Time (parallel): 81.927 s 



 >>> BEST CONFIGURATION:  8	 Tmean: 49.24


  ===================================================================
    Thermal diffusion - parallel version 
    2000 x 1000 points, 4 chips
    T_ext = 20.0, Tmax_chip = 160.0, T_delta: 0.010, Max_iter: 10000
    4 groups 
  ===================================================================

Iter (par): 5000	  Config:  3    Tmean: 53.91
Iter (par): 4080	  Config:  2    Tmean: 52.94
Iter (par): 5040	  Config:  4    Tmean: 53.72
Iter (par): 4480	  Config:  5    Tmean: 53.81
Iter (par): 4480	  Config:  1    Tmean: 52.82
Iter (par): 3310	  Config:  7    Tmean: 51.22
Iter (par): 3100	  Config:  8    Tmean: 49.24
Iter (par): 3560	  Config:  9    Tmean: 51.69
Iter (par): 4590	  Config:  6    Tmean: 54.17
Iter (par): 4480	  Config: 10    Tmean: 53.85
Iter (par): 4170	  Config: 11    Tmean: 53.18
Iter (par): 3580	  Config: 13    Tmean: 50.51
Iter (par): 4290	  Config: 14    Tmean: 53.42
Iter (par): 2550	  Config: 16    Tmean: 49.78
Iter (par): 4860	  Config: 15    Tmean: 54.46
Iter (par): 3780	  Config: 17    Tmean: 52.44
Iter (par): 4740	  Config: 12    Tmean: 53.65
Iter (par): 4370	  Config: 18    Tmean: 53.15
Iter (par): 3220	  Config: 19    Tmean: 51.06
Iter (par): 2860	  Config: 20    Tmean: 49.50


 >>> Best configuration:  8    Tmean: 49.24
   > Time (parallel): 63.239 s 



 >>> BEST CONFIGURATION:  8	 Tmean: 49.24


  ===================================================================
    Thermal diffusion - parallel version 
    2000 x 1000 points, 4 chips
    T_ext = 20.0, Tmax_chip = 160.0, T_delta: 0.010, Max_iter: 10000
    4 groups 
  ===================================================================

Iter (par): 5000	  Config:  3    Tmean: 53.91
Iter (par): 4080	  Config:  2    Tmean: 52.94
Iter (par): 4480	  Config:  1    Tmean: 52.82
Iter (par): 4480	  Config:  5    Tmean: 53.81
Iter (par): 3100	  Config:  8    Tmean: 49.24
Iter (par): 4590	  Config:  6    Tmean: 54.17
Iter (par): 5040	  Config:  4    Tmean: 53.72
Iter (par): 3310	  Config:  7    Tmean: 51.22
Iter (par): 4480	  Config: 10    Tmean: 53.85
Iter (par): 4170	  Config: 11    Tmean: 53.18
Iter (par): 3560	  Config:  9    Tmean: 51.69
Iter (par): 4290	  Config: 14    Tmean: 53.42
Iter (par): 3580	  Config: 13    Tmean: 50.51
Iter (par): 2550	  Config: 16    Tmean: 49.78
Iter (par): 3780	  Config: 17    Tmean: 52.44
Iter (par): 4860	  Config: 15    Tmean: 54.46
Iter (par): 3220	  Config: 19    Tmean: 51.06
Iter (par): 4740	  Config: 12    Tmean: 53.65
Iter (par): 2860	  Config: 20    Tmean: 49.50
Iter (par): 4370	  Config: 18    Tmean: 53.15


 >>> Best configuration:  8    Tmean: 49.24
   > Time (parallel): 91.967 s 



 >>> BEST CONFIGURATION:  8	 Tmean: 49.24

> T 112 procesos grupos de 16

  ===================================================================
    Thermal diffusion - parallel version 
    2000 x 1000 points, 4 chips
    T_ext = 20.0, Tmax_chip = 160.0, T_delta: 0.010, Max_iter: 10000
    7 groups 
  ===================================================================

Iter (par): 3310	  Config:  7    Tmean: 51.22
Iter (par): 4480	  Config:  1    Tmean: 52.82
Iter (par): 5040	  Config:  4    Tmean: 53.72
Iter (par): 4590	  Config:  6    Tmean: 54.17
Iter (par): 4480	  Config:  5    Tmean: 53.81
Iter (par): 5000	  Config:  3    Tmean: 53.91
Iter (par): 4080	  Config:  2    Tmean: 52.94
Iter (par): 3100	  Config:  8    Tmean: 49.24
Iter (par): 3560	  Config:  9    Tmean: 51.69
Iter (par): 4480	  Config: 10    Tmean: 53.85
Iter (par): 3580	  Config: 13    Tmean: 50.51
Iter (par): 4740	  Config: 12    Tmean: 53.65
Iter (par): 2550	  Config: 16    Tmean: 49.78
Iter (par): 4170	  Config: 11    Tmean: 53.18
Iter (par): 4290	  Config: 14    Tmean: 53.42
Iter (par): 3220	  Config: 19    Tmean: 51.06
Iter (par): 4370	  Config: 18    Tmean: 53.15
Iter (par): 3780	  Config: 17    Tmean: 52.44
Iter (par): 2860	  Config: 20    Tmean: 49.50
Iter (par): 4860	  Config: 15    Tmean: 54.46


 >>> Best configuration:  8    Tmean: 49.24
   > Time (parallel): 77.472 s 



 >>> BEST CONFIGURATION:  8	 Tmean: 49.24


  ===================================================================
    Thermal diffusion - parallel version 
    2000 x 1000 points, 4 chips
    T_ext = 20.0, Tmax_chip = 160.0, T_delta: 0.010, Max_iter: 10000
    7 groups 
  ===================================================================

Iter (par): 3310	  Config:  7    Tmean: 51.22
Iter (par): 4590	  Config:  6    Tmean: 54.17
Iter (par): 4480	  Config:  5    Tmean: 53.81
Iter (par): 5000	  Config:  3    Tmean: 53.91
Iter (par): 4480	  Config:  1    Tmean: 52.82
Iter (par): 3100	  Config:  8    Tmean: 49.24
Iter (par): 3560	  Config:  9    Tmean: 51.69
Iter (par): 5040	  Config:  4    Tmean: 53.72
Iter (par): 4080	  Config:  2    Tmean: 52.94
Iter (par): 4170	  Config: 11    Tmean: 53.18
Iter (par): 4480	  Config: 10    Tmean: 53.85
Iter (par): 2550	  Config: 16    Tmean: 49.78
Iter (par): 3580	  Config: 13    Tmean: 50.51
Iter (par): 4290	  Config: 14    Tmean: 53.42
Iter (par): 4860	  Config: 15    Tmean: 54.46
Iter (par): 4740	  Config: 12    Tmean: 53.65
Iter (par): 3780	  Config: 17    Tmean: 52.44
Iter (par): 3220	  Config: 19    Tmean: 51.06
Iter (par): 4370	  Config: 18    Tmean: 53.15
Iter (par): 2860	  Config: 20    Tmean: 49.50


 >>> Best configuration:  8    Tmean: 49.24
   > Time (parallel): 75.036 s 



 >>> BEST CONFIGURATION:  8	 Tmean: 49.24


  ===================================================================
    Thermal diffusion - parallel version 
    2000 x 1000 points, 4 chips
    T_ext = 20.0, Tmax_chip = 160.0, T_delta: 0.010, Max_iter: 10000
    7 groups 
  ===================================================================

Iter (par): 3310	  Config:  7    Tmean: 51.22
Iter (par): 4080	  Config:  2    Tmean: 52.94
Iter (par): 4480	  Config:  1    Tmean: 52.82
Iter (par): 4480	  Config:  5    Tmean: 53.81
Iter (par): 4590	  Config:  6    Tmean: 54.17
Iter (par): 3100	  Config:  8    Tmean: 49.24
Iter (par): 5000	  Config:  3    Tmean: 53.91
Iter (par): 5040	  Config:  4    Tmean: 53.72
Iter (par): 3560	  Config:  9    Tmean: 51.69
Iter (par): 4480	  Config: 10    Tmean: 53.85
Iter (par): 3580	  Config: 13    Tmean: 50.51
Iter (par): 4740	  Config: 12    Tmean: 53.65
Iter (par): 2550	  Config: 16    Tmean: 49.78
Iter (par): 4290	  Config: 14    Tmean: 53.42
Iter (par): 4170	  Config: 11    Tmean: 53.18
Iter (par): 4860	  Config: 15    Tmean: 54.46
Iter (par): 3780	  Config: 17    Tmean: 52.44
Iter (par): 3220	  Config: 19    Tmean: 51.06
Iter (par): 2860	  Config: 20    Tmean: 49.50
Iter (par): 4370	  Config: 18    Tmean: 53.15


 >>> Best configuration:  8    Tmean: 49.24
   > Time (parallel): 79.712 s 



 >>> BEST CONFIGURATION:  8	 Tmean: 49.24

> T 112 procesos grupos de 28

  ===================================================================
    Thermal diffusion - parallel version 
    2000 x 1000 points, 4 chips
    T_ext = 20.0, Tmax_chip = 160.0, T_delta: 0.010, Max_iter: 10000
    4 groups 
  ===================================================================

Iter (par): 5000	  Config:  3    Tmean: 53.91
Iter (par): 4080	  Config:  2    Tmean: 52.94
Iter (par): 4480	  Config:  1    Tmean: 52.82
Iter (par): 5040	  Config:  4    Tmean: 53.72
Iter (par): 4480	  Config:  5    Tmean: 53.81
Iter (par): 3310	  Config:  7    Tmean: 51.22
Iter (par): 3100	  Config:  8    Tmean: 49.24
Iter (par): 3560	  Config:  9    Tmean: 51.69
Iter (par): 4590	  Config:  6    Tmean: 54.17
Iter (par): 4480	  Config: 10    Tmean: 53.85
Iter (par): 4170	  Config: 11    Tmean: 53.18
Iter (par): 4740	  Config: 12    Tmean: 53.65
Iter (par): 4290	  Config: 14    Tmean: 53.42
Iter (par): 3580	  Config: 13    Tmean: 50.51
Iter (par): 2550	  Config: 16    Tmean: 49.78
Iter (par): 3780	  Config: 17    Tmean: 52.44
Iter (par): 4860	  Config: 15    Tmean: 54.46
Iter (par): 4370	  Config: 18    Tmean: 53.15
Iter (par): 3220	  Config: 19    Tmean: 51.06
Iter (par): 2860	  Config: 20    Tmean: 49.50


 >>> Best configuration:  8    Tmean: 49.24
   > Time (parallel): 136.112 s 



 >>> BEST CONFIGURATION:  8	 Tmean: 49.24


  ===================================================================
    Thermal diffusion - parallel version 
    2000 x 1000 points, 4 chips
    T_ext = 20.0, Tmax_chip = 160.0, T_delta: 0.010, Max_iter: 10000
    4 groups 
  ===================================================================

Iter (par): 4080	  Config:  2    Tmean: 52.94
Iter (par): 4480	  Config:  1    Tmean: 52.82
Iter (par): 5040	  Config:  4    Tmean: 53.72
Iter (par): 5000	  Config:  3    Tmean: 53.91
Iter (par): 4480	  Config:  5    Tmean: 53.81
Iter (par): 3100	  Config:  8    Tmean: 49.24
Iter (par): 3310	  Config:  7    Tmean: 51.22
Iter (par): 4590	  Config:  6    Tmean: 54.17
Iter (par): 4170	  Config: 11    Tmean: 53.18
Iter (par): 3560	  Config:  9    Tmean: 51.69
Iter (par): 4480	  Config: 10    Tmean: 53.85
Iter (par): 3580	  Config: 13    Tmean: 50.51
Iter (par): 4740	  Config: 12    Tmean: 53.65
Iter (par): 4290	  Config: 14    Tmean: 53.42
Iter (par): 2550	  Config: 16    Tmean: 49.78
Iter (par): 4860	  Config: 15    Tmean: 54.46
Iter (par): 4370	  Config: 18    Tmean: 53.15
Iter (par): 3780	  Config: 17    Tmean: 52.44
Iter (par): 2860	  Config: 20    Tmean: 49.50
Iter (par): 3220	  Config: 19    Tmean: 51.06


 >>> Best configuration:  8    Tmean: 49.24
   > Time (parallel): 152.774 s 



 >>> BEST CONFIGURATION:  8	 Tmean: 49.24


  ===================================================================
    Thermal diffusion - parallel version 
    2000 x 1000 points, 4 chips
    T_ext = 20.0, Tmax_chip = 160.0, T_delta: 0.010, Max_iter: 10000
    4 groups 
  ===================================================================

Iter (par): 4480	  Config:  1    Tmean: 52.82
Iter (par): 5000	  Config:  3    Tmean: 53.91
Iter (par): 5040	  Config:  4    Tmean: 53.72
Iter (par): 4080	  Config:  2    Tmean: 52.94
Iter (par): 4480	  Config:  5    Tmean: 53.81
Iter (par): 3100	  Config:  8    Tmean: 49.24
Iter (par): 3310	  Config:  7    Tmean: 51.22
Iter (par): 4590	  Config:  6    Tmean: 54.17
Iter (par): 3560	  Config:  9    Tmean: 51.69
Iter (par): 4480	  Config: 10    Tmean: 53.85
Iter (par): 4170	  Config: 11    Tmean: 53.18
Iter (par): 3580	  Config: 13    Tmean: 50.51
Iter (par): 4290	  Config: 14    Tmean: 53.42
Iter (par): 4740	  Config: 12    Tmean: 53.65
Iter (par): 2550	  Config: 16    Tmean: 49.78
Iter (par): 3780	  Config: 17    Tmean: 52.44
Iter (par): 4370	  Config: 18    Tmean: 53.15
Iter (par): 3220	  Config: 19    Tmean: 51.06
Iter (par): 4860	  Config: 15    Tmean: 54.46
Iter (par): 2860	  Config: 20    Tmean: 49.50


 >>> Best configuration:  8    Tmean: 49.24
   > Time (parallel): 152.712 s 



 >>> BEST CONFIGURATION:  8	 Tmean: 49.24

